==11354== Memcheck, a memory error detector
==11354== Copyright (C) 2002-2013, and GNU GPL'd, by Julian Seward et al.
==11354== Using Valgrind-3.10.0.SVN and LibVEX; rerun with -h for copyright info
==11354== Command: ./TestPFD
==11354== 
Running main() from gtest_main.cc
[==========] Running 15 tests from 1 test case.
[----------] Global test environment set-up.
[----------] 15 tests from PFDFixture
[ RUN      ] PFDFixture.split
[       OK ] PFDFixture.split (35 ms)
[ RUN      ] PFDFixture.split1
[       OK ] PFDFixture.split1 (7 ms)
[ RUN      ] PFDFixture.split2
TestPFD.c++:56: Failure
Value of: 4
Expected: result.size()
Which is: 7
[  FAILED  ] PFDFixture.split2 (33 ms)
[ RUN      ] PFDFixture.initialize
[       OK ] PFDFixture.initialize (42 ms)
[ RUN      ] PFDFixture.initialize1
[       OK ] PFDFixture.initialize1 (10 ms)
[ RUN      ] PFDFixture.initialize2
[       OK ] PFDFixture.initialize2 (11 ms)
[ RUN      ] PFDFixture.eval_1
TestPFD.c++:159: Failure
Value of: 5
Expected: results.size()
Which is: 0
[  FAILED  ] PFDFixture.eval_1 (36 ms)
[ RUN      ] PFDFixture.eval_2
TestPFD.c++:183: Failure
Value of: 4
Expected: results.size()
Which is: 0
[  FAILED  ] PFDFixture.eval_2 (8 ms)
[ RUN      ] PFDFixture.eval_3
TestPFD.c++:206: Failure
Value of: 4
Expected: results.size()
Which is: 0
[  FAILED  ] PFDFixture.eval_3 (7 ms)
[ RUN      ] PFDFixture.print
[       OK ] PFDFixture.print (10 ms)
[ RUN      ] PFDFixture.print1
[       OK ] PFDFixture.print1 (4 ms)
[ RUN      ] PFDFixture.solve
==11354== Conditional jump or move depends on uninitialised value(s)
==11354==    at 0x4EBFCDE: std::ostreambuf_iterator<char, std::char_traits<char> > std::num_put<char, std::ostreambuf_iterator<char, std::char_traits<char> > >::_M_insert_int<long>(std::ostreambuf_iterator<char, std::char_traits<char> >, std::ios_base&, char, long) const (in /usr/lib/x86_64-linux-gnu/libstdc++.so.6.0.19)
==11354==    by 0x4EC02BC: std::num_put<char, std::ostreambuf_iterator<char, std::char_traits<char> > >::do_put(std::ostreambuf_iterator<char, std::char_traits<char> >, std::ios_base&, char, long) const (in /usr/lib/x86_64-linux-gnu/libstdc++.so.6.0.19)
==11354==    by 0x4ECC06D: std::ostream& std::ostream::_M_insert<long>(long) (in /usr/lib/x86_64-linux-gnu/libstdc++.so.6.0.19)
==11354==    by 0x405A91: pfd_print_result(std::ostream&, std::queue<int, std::deque<int, std::allocator<int> > >&) (in /v/filer4b/v38q001/jeremiah/Documents/cs378-pfd/TestPFD)
==11354==    by 0x405D77: pfd_solve(std::istream&, std::ostream&) (in /v/filer4b/v38q001/jeremiah/Documents/cs378-pfd/TestPFD)
==11354==    by 0x418227: PFDFixture_solve_Test::TestBody() (in /v/filer4b/v38q001/jeremiah/Documents/cs378-pfd/TestPFD)
==11354==    by 0x4429C2: void testing::internal::HandleExceptionsInMethodIfSupported<testing::Test, void>(testing::Test*, void (testing::Test::*)(), char const*) (in /v/filer4b/v38q001/jeremiah/Documents/cs378-pfd/TestPFD)
==11354==    by 0x43546C: testing::Test::Run() (in /v/filer4b/v38q001/jeremiah/Documents/cs378-pfd/TestPFD)
==11354==    by 0x435503: testing::TestInfo::Run() (in /v/filer4b/v38q001/jeremiah/Documents/cs378-pfd/TestPFD)
==11354==    by 0x435604: testing::TestCase::Run() (in /v/filer4b/v38q001/jeremiah/Documents/cs378-pfd/TestPFD)
==11354==    by 0x43587C: testing::internal::UnitTestImpl::RunAllTests() (in /v/filer4b/v38q001/jeremiah/Documents/cs378-pfd/TestPFD)
==11354==    by 0x435B5D: testing::UnitTest::Run() (in /v/filer4b/v38q001/jeremiah/Documents/cs378-pfd/TestPFD)
==11354== 
==11354== Use of uninitialised value of size 8
==11354==    at 0x4EBFBC3: ??? (in /usr/lib/x86_64-linux-gnu/libstdc++.so.6.0.19)
==11354==    by 0x4EBFD05: std::ostreambuf_iterator<char, std::char_traits<char> > std::num_put<char, std::ostreambuf_iterator<char, std::char_traits<char> > >::_M_insert_int<long>(std::ostreambuf_iterator<char, std::char_traits<char> >, std::ios_base&, char, long) const (in /usr/lib/x86_64-linux-gnu/libstdc++.so.6.0.19)
==11354==    by 0x4EC02BC: std::num_put<char, std::ostreambuf_iterator<char, std::char_traits<char> > >::do_put(std::ostreambuf_iterator<char, std::char_traits<char> >, std::ios_base&, char, long) const (in /usr/lib/x86_64-linux-gnu/libstdc++.so.6.0.19)
==11354==    by 0x4ECC06D: std::ostream& std::ostream::_M_insert<long>(long) (in /usr/lib/x86_64-linux-gnu/libstdc++.so.6.0.19)
==11354==    by 0x405A91: pfd_print_result(std::ostream&, std::queue<int, std::deque<int, std::allocator<int> > >&) (in /v/filer4b/v38q001/jeremiah/Documents/cs378-pfd/TestPFD)
==11354==    by 0x405D77: pfd_solve(std::istream&, std::ostream&) (in /v/filer4b/v38q001/jeremiah/Documents/cs378-pfd/TestPFD)
==11354==    by 0x418227: PFDFixture_solve_Test::TestBody() (in /v/filer4b/v38q001/jeremiah/Documents/cs378-pfd/TestPFD)
==11354==    by 0x4429C2: void testing::internal::HandleExceptionsInMethodIfSupported<testing::Test, void>(testing::Test*, void (testing::Test::*)(), char const*) (in /v/filer4b/v38q001/jeremiah/Documents/cs378-pfd/TestPFD)
==11354==    by 0x43546C: testing::Test::Run() (in /v/filer4b/v38q001/jeremiah/Documents/cs378-pfd/TestPFD)
==11354==    by 0x435503: testing::TestInfo::Run() (in /v/filer4b/v38q001/jeremiah/Documents/cs378-pfd/TestPFD)
==11354==    by 0x435604: testing::TestCase::Run() (in /v/filer4b/v38q001/jeremiah/Documents/cs378-pfd/TestPFD)
==11354==    by 0x43587C: testing::internal::UnitTestImpl::RunAllTests() (in /v/filer4b/v38q001/jeremiah/Documents/cs378-pfd/TestPFD)
==11354== 
==11354== Conditional jump or move depends on uninitialised value(s)
==11354==    at 0x4EBFBCF: ??? (in /usr/lib/x86_64-linux-gnu/libstdc++.so.6.0.19)
==11354==    by 0x4EBFD05: std::ostreambuf_iterator<char, std::char_traits<char> > std::num_put<char, std::ostreambuf_iterator<char, std::char_traits<char> > >::_M_insert_int<long>(std::ostreambuf_iterator<char, std::char_traits<char> >, std::ios_base&, char, long) const (in /usr/lib/x86_64-linux-gnu/libstdc++.so.6.0.19)
==11354==    by 0x4EC02BC: std::num_put<char, std::ostreambuf_iterator<char, std::char_traits<char> > >::do_put(std::ostreambuf_iterator<char, std::char_traits<char> >, std::ios_base&, char, long) const (in /usr/lib/x86_64-linux-gnu/libstdc++.so.6.0.19)
==11354==    by 0x4ECC06D: std::ostream& std::ostream::_M_insert<long>(long) (in /usr/lib/x86_64-linux-gnu/libstdc++.so.6.0.19)
==11354==    by 0x405A91: pfd_print_result(std::ostream&, std::queue<int, std::deque<int, std::allocator<int> > >&) (in /v/filer4b/v38q001/jeremiah/Documents/cs378-pfd/TestPFD)
==11354==    by 0x405D77: pfd_solve(std::istream&, std::ostream&) (in /v/filer4b/v38q001/jeremiah/Documents/cs378-pfd/TestPFD)
==11354==    by 0x418227: PFDFixture_solve_Test::TestBody() (in /v/filer4b/v38q001/jeremiah/Documents/cs378-pfd/TestPFD)
==11354==    by 0x4429C2: void testing::internal::HandleExceptionsInMethodIfSupported<testing::Test, void>(testing::Test*, void (testing::Test::*)(), char const*) (in /v/filer4b/v38q001/jeremiah/Documents/cs378-pfd/TestPFD)
==11354==    by 0x43546C: testing::Test::Run() (in /v/filer4b/v38q001/jeremiah/Documents/cs378-pfd/TestPFD)
==11354==    by 0x435503: testing::TestInfo::Run() (in /v/filer4b/v38q001/jeremiah/Documents/cs378-pfd/TestPFD)
==11354==    by 0x435604: testing::TestCase::Run() (in /v/filer4b/v38q001/jeremiah/Documents/cs378-pfd/TestPFD)
==11354==    by 0x43587C: testing::internal::UnitTestImpl::RunAllTests() (in /v/filer4b/v38q001/jeremiah/Documents/cs378-pfd/TestPFD)
==11354== 
==11354== Conditional jump or move depends on uninitialised value(s)
==11354==    at 0x4EBFD33: std::ostreambuf_iterator<char, std::char_traits<char> > std::num_put<char, std::ostreambuf_iterator<char, std::char_traits<char> > >::_M_insert_int<long>(std::ostreambuf_iterator<char, std::char_traits<char> >, std::ios_base&, char, long) const (in /usr/lib/x86_64-linux-gnu/libstdc++.so.6.0.19)
==11354==    by 0x4EC02BC: std::num_put<char, std::ostreambuf_iterator<char, std::char_traits<char> > >::do_put(std::ostreambuf_iterator<char, std::char_traits<char> >, std::ios_base&, char, long) const (in /usr/lib/x86_64-linux-gnu/libstdc++.so.6.0.19)
==11354==    by 0x4ECC06D: std::ostream& std::ostream::_M_insert<long>(long) (in /usr/lib/x86_64-linux-gnu/libstdc++.so.6.0.19)
==11354==    by 0x405A91: pfd_print_result(std::ostream&, std::queue<int, std::deque<int, std::allocator<int> > >&) (in /v/filer4b/v38q001/jeremiah/Documents/cs378-pfd/TestPFD)
==11354==    by 0x405D77: pfd_solve(std::istream&, std::ostream&) (in /v/filer4b/v38q001/jeremiah/Documents/cs378-pfd/TestPFD)
==11354==    by 0x418227: PFDFixture_solve_Test::TestBody() (in /v/filer4b/v38q001/jeremiah/Documents/cs378-pfd/TestPFD)
==11354==    by 0x4429C2: void testing::internal::HandleExceptionsInMethodIfSupported<testing::Test, void>(testing::Test*, void (testing::Test::*)(), char const*) (in /v/filer4b/v38q001/jeremiah/Documents/cs378-pfd/TestPFD)
==11354==    by 0x43546C: testing::Test::Run() (in /v/filer4b/v38q001/jeremiah/Documents/cs378-pfd/TestPFD)
==11354==    by 0x435503: testing::TestInfo::Run() (in /v/filer4b/v38q001/jeremiah/Documents/cs378-pfd/TestPFD)
==11354==    by 0x435604: testing::TestCase::Run() (in /v/filer4b/v38q001/jeremiah/Documents/cs378-pfd/TestPFD)
==11354==    by 0x43587C: testing::internal::UnitTestImpl::RunAllTests() (in /v/filer4b/v38q001/jeremiah/Documents/cs378-pfd/TestPFD)
==11354==    by 0x435B5D: testing::UnitTest::Run() (in /v/filer4b/v38q001/jeremiah/Documents/cs378-pfd/TestPFD)
==11354== 
TestPFD.c++:248: Failure
Value of: w.str()
  Actual: "0"
Expected: "1 5 3 2 4"
[  FAILED  ] PFDFixture.solve (14 ms)
[ RUN      ] PFDFixture.solve1
TestPFD.c++:254: Failure
Value of: w.str()
  Actual: "0"
Expected: "2 3 4 1"
[  FAILED  ] PFDFixture.solve1 (5 ms)
[ RUN      ] PFDFixture.solve2
TestPFD.c++:260: Failure
Value of: w.str()
  Actual: "0"
Expected: "3 2 4 1"
[  FAILED  ] PFDFixture.solve2 (4 ms)
[ RUN      ] PFDFixture.solve3
TestPFD.c++:266: Failure
Value of: w.str()
  Actual: "0"
Expected: "2 3 4 5 6 7 8 9 10 1"
[  FAILED  ] PFDFixture.solve3 (7 ms)
[----------] 15 tests from PFDFixture (244 ms total)

[----------] Global test environment tear-down
[==========] 15 tests from 1 test case ran. (276 ms total)
[  PASSED  ] 7 tests.
[  FAILED  ] 8 tests, listed below:
[  FAILED  ] PFDFixture.split2
[  FAILED  ] PFDFixture.eval_1
[  FAILED  ] PFDFixture.eval_2
[  FAILED  ] PFDFixture.eval_3
[  FAILED  ] PFDFixture.solve
[  FAILED  ] PFDFixture.solve1
[  FAILED  ] PFDFixture.solve2
[  FAILED  ] PFDFixture.solve3

 8 FAILED TESTS
==11354== 
==11354== HEAP SUMMARY:
==11354==     in use at exit: 0 bytes in 0 blocks
==11354==   total heap usage: 1,101 allocs, 1,101 frees, 150,699 bytes allocated
==11354== 
==11354== All heap blocks were freed -- no leaks are possible
==11354== 
==11354== For counts of detected and suppressed errors, rerun with: -v
==11354== Use --track-origins=yes to see where uninitialised values come from
==11354== ERROR SUMMARY: 16 errors from 4 contexts (suppressed: 0 from 0)
